<?xml version="1.0" encoding="UTF-8"?>
<!-- Generated by org.testng.reporters.JUnitReportReporter -->
<testsuite skipped="0" hostname="jendlicher-HP" name="gmail.google.com.PositiveTests" tests="1" failures="0" timestamp="26 Dub 2021 10:11:38 GMT" time="91.706" errors="0">
  <testcase name="loginSendCheckTest" time="91.706" classname="gmail.google.com.PositiveTests"/>
</testsuite> <!-- gmail.google.com.PositiveTests -->
